Flutter crash report; please file at https://github.com/flutter/flutter/issues.

## command

flutter run --pid-file /tmp/flutter.pid

## exception

ProcessException: ProcessException: Process "/usr/bin/xcrun" exited abnormally:
An error was encountered processing the command (domain=com.apple.CoreSimulator.SimError, code=164):
Unable to lookup in current state: Shutdown
  Command: /usr/bin/xcrun simctl install 30F86A14-7E61-4975-8E61-552C1468A0DE /Users/termosa/Source/flutter-experiments/udacity_course/course/05_stateful_widgets/task_05_stateful_widgets/build/ios/iphonesimulator/Runner.app

```
#0      runCheckedAsync (package:flutter_tools/src/base/process.dart:251:5)
<asynchronous suspension>
#1      SimControl.install (package:flutter_tools/src/ios/simulators.dart:125:16)
#2      IOSSimulator._setupUpdatedApplicationBundle (package:flutter_tools/src/ios/simulators.dart:393:31)
<asynchronous suspension>
#3      IOSSimulator.startApp (package:flutter_tools/src/ios/simulators.dart:305:15)
<asynchronous suspension>
#4      FlutterDevice.runHot (package:flutter_tools/src/resident_runner.dart:284:54)
#5      _asyncThenWrapperHelper.<anonymous closure> (dart:async/runtime/libasync_patch.dart:77:64)
#6      _rootRunUnary (dart:async/zone.dart:1132:38)
#7      _CustomZone.runUnary (dart:async/zone.dart:1029:19)
#8      _FutureListener.handleValue (dart:async/future_impl.dart:129:18)
#9      Future._propagateToListeners.handleValueCallback (dart:async/future_impl.dart:642:45)
#10     Future._propagateToListeners (dart:async/future_impl.dart:671:32)
#11     Future._complete (dart:async/future_impl.dart:476:7)
#12     _SyncCompleter.complete (dart:async/future_impl.dart:51:12)
#13     _AsyncAwaitCompleter.complete (dart:async/runtime/libasync_patch.dart:28:18)
#14     _completeOnAsyncReturn (dart:async/runtime/libasync_patch.dart:295:13)
#15     getApplicationPackageForPlatform (package:flutter_tools/src/application_package.dart)
#16     _asyncThenWrapperHelper.<anonymous closure> (dart:async/runtime/libasync_patch.dart:77:64)
#17     _rootRunUnary (dart:async/zone.dart:1132:38)
#18     _CustomZone.runUnary (dart:async/zone.dart:1029:19)
#19     _FutureListener.handleValue (dart:async/future_impl.dart:129:18)
#20     Future._propagateToListeners.handleValueCallback (dart:async/future_impl.dart:642:45)
#21     Future._propagateToListeners (dart:async/future_impl.dart:671:32)
#22     Future._complete (dart:async/future_impl.dart:476:7)
#23     _SyncCompleter.complete (dart:async/future_impl.dart:51:12)
#24     _AsyncAwaitCompleter.complete (dart:async/runtime/libasync_patch.dart:28:18)
#25     _completeOnAsyncReturn (dart:async/runtime/libasync_patch.dart:295:13)
#26     FlutterProject.fromDirectory (package:flutter_tools/src/project.dart)
#27     _asyncThenWrapperHelper.<anonymous closure> (dart:async/runtime/libasync_patch.dart:77:64)
#28     _rootRunUnary (dart:async/zone.dart:1132:38)
#29     _CustomZone.runUnary (dart:async/zone.dart:1029:19)
#30     _FutureListener.handleValue (dart:async/future_impl.dart:129:18)
#31     Future._propagateToListeners.handleValueCallback (dart:async/future_impl.dart:642:45)
#32     Future._propagateToListeners (dart:async/future_impl.dart:671:32)
#33     Future._complete (dart:async/future_impl.dart:476:7)
#34     _SyncCompleter.complete (dart:async/future_impl.dart:51:12)
#35     _AsyncAwaitCompleter.complete (dart:async/runtime/libasync_patch.dart:28:18)
#36     _completeOnAsyncReturn (dart:async/runtime/libasync_patch.dart:295:13)
#37     FlutterProject._readManifest (package:flutter_tools/src/project.dart)
#38     _asyncThenWrapperHelper.<anonymous closure> (dart:async/runtime/libasync_patch.dart:77:64)
#39     _rootRunUnary (dart:async/zone.dart:1132:38)
#40     _CustomZone.runUnary (dart:async/zone.dart:1029:19)
#41     _FutureListener.handleValue (dart:async/future_impl.dart:129:18)
#42     Future._propagateToListeners.handleValueCallback (dart:async/future_impl.dart:642:45)
#43     Future._propagateToListeners (dart:async/future_impl.dart:671:32)
#44     Future._complete (dart:async/future_impl.dart:476:7)
#45     _SyncCompleter.complete (dart:async/future_impl.dart:51:12)
#46     _rootRunUnary (dart:async/zone.dart:1132:38)
#47     _CustomZone.runUnary (dart:async/zone.dart:1029:19)
#48     _FutureListener.handleValue (dart:async/future_impl.dart:129:18)
#49     Future._propagateToListeners.handleValueCallback (dart:async/future_impl.dart:642:45)
#50     Future._propagateToListeners (dart:async/future_impl.dart:671:32)
#51     Future._complete (dart:async/future_impl.dart:476:7)
#52     _SyncCompleter.complete (dart:async/future_impl.dart:51:12)
#53     _AsyncAwaitCompleter.complete.<anonymous closure> (dart:async/runtime/libasync_patch.dart:33:20)
#54     _rootRun (dart:async/zone.dart:1124:13)
#55     _CustomZone.run (dart:async/zone.dart:1021:19)
#56     _CustomZone.bindCallback.<anonymous closure> (dart:async/zone.dart:947:23)
#57     _microtaskLoop (dart:async/schedule_microtask.dart:41:21)
#58     _startMicrotaskLoop (dart:async/schedule_microtask.dart:50:5)
#59     _runPendingImmediateCallback (dart:isolate/runtime/libisolate_patch.dart:115:13)
#60     _RawReceivePortImpl._handleMessage (dart:isolate/runtime/libisolate_patch.dart:172:5)
```

## flutter doctor

```
[32m[✓][39m Flutter (Channel beta, v0.10.2, on Mac OS X 10.14.2 18C31g, locale en-US)
    [32m•[39m Flutter version 0.10.2 at /Users/termosa/Source/flutter
    [32m•[39m Framework revision d8cbb80206 (13 days ago), 2018-10-26 01:30:21 -0400
    [32m•[39m Engine revision 6c2ade9fa2
    [32m•[39m Dart version 2.1.0-dev.8.0.flutter-bf26f760b1

[32m[✓][39m Android toolchain - develop for Android devices (Android SDK 28.0.3)
    [32m•[39m Android SDK at /Users/termosa/Library/Android/sdk
    [32m•[39m Android NDK location not configured (optional; useful for native profiling support)
    [32m•[39m Platform android-28, build-tools 28.0.3
    [32m•[39m Java binary at: /Applications/Android Studio.app/Contents/jre/jdk/Contents/Home/bin/java
    [32m•[39m Java version OpenJDK Runtime Environment (build 1.8.0_152-release-1136-b06)
    [32m•[39m All Android licenses accepted.

[32m[✓][39m iOS toolchain - develop for iOS devices (Xcode 10.0)
    [32m•[39m Xcode at /Applications/Xcode-beta.app/Contents/Developer
    [32m•[39m Xcode 10.0, Build version 10L232m
    [32m•[39m ios-deploy 2.0.0
    [32m•[39m CocoaPods version 1.5.3

[32m[✓][39m Android Studio (version 3.2)
    [32m•[39m Android Studio at /Applications/Android Studio.app/Contents
    [32m•[39m Flutter plugin version 29.0.2
    [32m•[39m Dart plugin version 181.5540.11
    [32m•[39m Java version OpenJDK Runtime Environment (build 1.8.0_152-release-1136-b06)

[32m[✓][39m VS Code (version 1.28.2)
    [32m•[39m VS Code at /Applications/Visual Studio Code.app/Contents
    [32m•[39m Flutter extension version 2.19.0

[32m[✓][39m Connected device (1 available)
    [32m•[39m iPhone 8 Plus • 30F86A14-7E61-4975-8E61-552C1468A0DE • ios • iOS 12.0 (simulator)

[32m•[39m No issues found!
```
